
Showing logs for build [32mcb-kubecd-bdd-spring-1588515833-hww6q-1[0m stage [32mfrom-build-pack[0m and container [32mstep-credential-initializer-vfx58[0m
{"level":"info","ts":1588516478.65833,"logger":"fallback-logger","caller":"logging/config.go:69","msg":"Fetch GitHub commit ID from kodata failed: open /var/run/ko/refs/heads/0.8.0-ns-support: no such file or directory"}
{"level":"info","ts":1588516478.6588154,"logger":"fallback-logger","caller":"creds-init/main.go:40","msg":"Credentials initialized."}

Showing logs for build [32mcb-kubecd-bdd-spring-1588515833-hww6q-1[0m stage [32mfrom-build-pack[0m and container [32mstep-working-dir-initializer-vmcxb[0m
{"level":"info","ts":1588516480.053666,"logger":"fallback-logger","caller":"logging/config.go:69","msg":"Fetch GitHub commit ID from kodata failed: open /var/run/ko/HEAD: no such file or directory"}
{"level":"info","ts":1588516480.055017,"logger":"fallback-logger","caller":"bash/main.go:64","msg":"Successfully executed command \"sh -c mkdir -p /workspace/source\"; output "}

Showing logs for build [32mcb-kubecd-bdd-spring-1588515833-hww6q-1[0m stage [32mfrom-build-pack[0m and container [32mstep-place-tools[0m

Showing logs for build [32mcb-kubecd-bdd-spring-1588515833-hww6q-1[0m stage [32mfrom-build-pack[0m and container [32mstep-git-source-cb-kubecd-bdd-spring-1588515833-hww6q-tc5x8[0m
{"level":"info","ts":1588516490.1728094,"logger":"fallback-logger","caller":"logging/config.go:69","msg":"Fetch GitHub commit ID from kodata failed: open /var/run/ko/refs/heads/0.8.0-ns-support: no such file or directory"}
{"level":"info","ts":1588516491.3753443,"logger":"fallback-logger","caller":"git/git.go:103","msg":"Successfully cloned https://github.com/cb-kubecd/bdd-spring-1588515833.git @ master in path /workspace/source"}

Showing logs for build [32mcb-kubecd-bdd-spring-1588515833-hww6q-1[0m stage [32mfrom-build-pack[0m and container [32mstep-git-merge[0m
Using SHAs from PULL_REFS=master:07088302b688fb92986b2bda6d115a7f2840b0bf,1:e7f1989fa5daba6d4046be842c8d78b8d68f0546
DEBUG: LC_ALL=C JX_LOG_LEVEL=error git fetch origin --unshallow e7f1989fa5daba6d4046be842c8d78b8d68f0546: 07088302b688fb92986b2bda6d115a7f2840b0bf:
DEBUG: ran git fetch --unshallow origin e7f1989fa5daba6d4046be842c8d78b8d68f0546: 07088302b688fb92986b2bda6d115a7f2840b0bf: in 
DEBUG: LC_ALL=C JX_LOG_LEVEL=error git branch
DEBUG: LC_ALL=C JX_LOG_LEVEL=error git checkout master
DEBUG: ran git checkout master in 
DEBUG: LC_ALL=C JX_LOG_LEVEL=error git reset --hard 07088302b688fb92986b2bda6d115a7f2840b0bf
DEBUG: ran git reset --hard 07088302b688fb92986b2bda6d115a7f2840b0bf in 
DEBUG: JX_LOG_LEVEL=error LC_ALL=C git clean -fd .
DEBUG: ran clean --force -d . in 
DEBUG: LC_ALL=C JX_LOG_LEVEL=error git merge e7f1989fa5daba6d4046be842c8d78b8d68f0546
DEBUG: ran git merge e7f1989fa5daba6d4046be842c8d78b8d68f0546 in 
DEBUG: LC_ALL=C JX_LOG_LEVEL=error git log --format=%H%x1f%an%x1f%ae%x1f%cn%x1f%ce%x1f%s%n%b%x1e 07088302b688fb92986b2bda6d115a7f2840b0bf..HEAD
Merged SHA e7f1989fa5daba6d4046be842c8d78b8d68f0546 with commit message 'My first PR commit' into base branch master

Showing logs for build [32mcb-kubecd-bdd-spring-1588515833-hww6q-1[0m stage [32mfrom-build-pack[0m and container [32mstep-build-set-version[0m
Picked up _JAVA_OPTIONS: -XX:+UnlockExperimentalVMOptions -XX:+UseCGroupMemoryLimitForHeap -Dsun.zip.disableMemoryMapping=true -XX:+UseParallelGC -XX:MinHeapFreeRatio=5 -XX:MaxHeapFreeRatio=10 -XX:GCTimeRatio=4 -XX:AdaptiveSizePolicyWeight=90 -Xms10m -Xmx192m
OpenJDK 64-Bit Server VM warning: If the number of processors is expected to increase from one, then you should configure the number of parallel GC threads appropriately using -XX:ParallelGCThreads=N
[INFO] Scanning for projects...
[INFO] 
[INFO] -----------------< com.example:bdd-spring-1588515833 >------------------
[INFO] Building demo 0.0.1-SNAPSHOT
[INFO] --------------------------------[ jar ]---------------------------------
[INFO] 
[INFO] --- versions-maven-plugin:2.7:set (default-cli) @ bdd-spring-1588515833 ---
[INFO] Searching for local aggregator root...
[INFO] Local aggregation root: /workspace/source
[INFO] Processing change of com.example:bdd-spring-1588515833:0.0.1-SNAPSHOT -> 0.0.0-SNAPSHOT-PR-1-1
[INFO] Processing com.example:bdd-spring-1588515833
[INFO]     Updating project com.example:bdd-spring-1588515833
[INFO]         from version 0.0.1-SNAPSHOT to 0.0.0-SNAPSHOT-PR-1-1
[INFO] 
[INFO] ------------------------------------------------------------------------
[INFO] BUILD SUCCESS
[INFO] ------------------------------------------------------------------------
[INFO] Total time:  16.722 s
[INFO] Finished at: 2020-05-03T14:35:13Z
[INFO] ------------------------------------------------------------------------

Showing logs for build [32mcb-kubecd-bdd-spring-1588515833-hww6q-1[0m stage [32mfrom-build-pack[0m and container [32mstep-build-mvn-install[0m
Picked up _JAVA_OPTIONS: -XX:+UnlockExperimentalVMOptions -XX:+UseCGroupMemoryLimitForHeap -Dsun.zip.disableMemoryMapping=true -XX:+UseParallelGC -XX:MinHeapFreeRatio=5 -XX:MaxHeapFreeRatio=10 -XX:GCTimeRatio=4 -XX:AdaptiveSizePolicyWeight=90 -Xms10m -Xmx192m
OpenJDK 64-Bit Server VM warning: If the number of processors is expected to increase from one, then you should configure the number of parallel GC threads appropriately using -XX:ParallelGCThreads=N
[INFO] Scanning for projects...
[INFO] 
[INFO] -----------------< com.example:bdd-spring-1588515833 >------------------
[INFO] Building demo 0.0.0-SNAPSHOT-PR-1-1
[INFO] --------------------------------[ jar ]---------------------------------
[INFO] 
[INFO] --- maven-resources-plugin:3.1.0:resources (default-resources) @ bdd-spring-1588515833 ---
[INFO] Using 'UTF-8' encoding to copy filtered resources.
[INFO] Copying 1 resource
[INFO] Copying 0 resource
[INFO] 
[INFO] --- maven-compiler-plugin:3.8.1:compile (default-compile) @ bdd-spring-1588515833 ---
[INFO] Changes detected - recompiling the module!
[INFO] Compiling 1 source file to /workspace/source/target/classes
[INFO] 
[INFO] --- maven-resources-plugin:3.1.0:testResources (default-testResources) @ bdd-spring-1588515833 ---
[INFO] Using 'UTF-8' encoding to copy filtered resources.
[INFO] skip non existing resourceDirectory /workspace/source/src/test/resources
[INFO] 
[INFO] --- maven-compiler-plugin:3.8.1:testCompile (default-testCompile) @ bdd-spring-1588515833 ---
[INFO] Changes detected - recompiling the module!
[INFO] Compiling 1 source file to /workspace/source/target/test-classes
[INFO] 
[INFO] --- maven-surefire-plugin:3.0.0-M1:test (default-test) @ bdd-spring-1588515833 ---
[INFO] 
[INFO] -------------------------------------------------------
[INFO]  T E S T S
[INFO] -------------------------------------------------------
[INFO] Running com.example.bddspring1588515833.DemoApplicationTests
14:35:37.499 [main] DEBUG org.springframework.test.context.BootstrapUtils - Instantiating CacheAwareContextLoaderDelegate from class [org.springframework.test.context.cache.DefaultCacheAwareContextLoaderDelegate]
14:35:37.533 [main] DEBUG org.springframework.test.context.BootstrapUtils - Instantiating BootstrapContext using constructor [public org.springframework.test.context.support.DefaultBootstrapContext(java.lang.Class,org.springframework.test.context.CacheAwareContextLoaderDelegate)]
14:35:37.701 [main] DEBUG org.springframework.test.context.BootstrapUtils - Instantiating TestContextBootstrapper for test class [com.example.bddspring1588515833.DemoApplicationTests] from class [org.springframework.boot.test.context.SpringBootTestContextBootstrapper]
14:35:37.746 [main] INFO org.springframework.boot.test.context.SpringBootTestContextBootstrapper - Neither @ContextConfiguration nor @ContextHierarchy found for test class [com.example.bddspring1588515833.DemoApplicationTests], using SpringBootContextLoader
14:35:37.764 [main] DEBUG org.springframework.test.context.support.AbstractContextLoader - Did not detect default resource location for test class [com.example.bddspring1588515833.DemoApplicationTests]: class path resource [com/example/bddspring1588515833/DemoApplicationTests-context.xml] does not exist
14:35:37.797 [main] DEBUG org.springframework.test.context.support.AbstractContextLoader - Did not detect default resource location for test class [com.example.bddspring1588515833.DemoApplicationTests]: class path resource [com/example/bddspring1588515833/DemoApplicationTestsContext.groovy] does not exist
14:35:37.798 [main] INFO org.springframework.test.context.support.AbstractContextLoader - Could not detect default resource locations for test class [com.example.bddspring1588515833.DemoApplicationTests]: no resource found for suffixes {-context.xml, Context.groovy}.
14:35:37.799 [main] INFO org.springframework.test.context.support.AnnotationConfigContextLoaderUtils - Could not detect default configuration classes for test class [com.example.bddspring1588515833.DemoApplicationTests]: DemoApplicationTests does not declare any static, non-private, non-final, nested classes annotated with @Configuration.
14:35:37.937 [main] DEBUG org.springframework.test.context.support.ActiveProfilesUtils - Could not find an 'annotation declaring class' for annotation type [org.springframework.test.context.ActiveProfiles] and class [com.example.bddspring1588515833.DemoApplicationTests]
14:35:38.111 [main] DEBUG org.springframework.context.annotation.ClassPathScanningCandidateComponentProvider - Identified candidate component class: file [/workspace/source/target/classes/com/example/bddspring1588515833/DemoApplication.class]
14:35:38.118 [main] INFO org.springframework.boot.test.context.SpringBootTestContextBootstrapper - Found @SpringBootConfiguration com.example.bddspring1588515833.DemoApplication for test class com.example.bddspring1588515833.DemoApplicationTests
14:35:38.403 [main] DEBUG org.springframework.boot.test.context.SpringBootTestContextBootstrapper - @TestExecutionListeners is not present for class [com.example.bddspring1588515833.DemoApplicationTests]: using defaults.
14:35:38.408 [main] INFO org.springframework.boot.test.context.SpringBootTestContextBootstrapper - Loaded default TestExecutionListener class names from location [META-INF/spring.factories]: [org.springframework.boot.test.mock.mockito.MockitoTestExecutionListener, org.springframework.boot.test.mock.mockito.ResetMocksTestExecutionListener, org.springframework.boot.test.autoconfigure.restdocs.RestDocsTestExecutionListener, org.springframework.boot.test.autoconfigure.web.client.MockRestServiceServerResetTestExecutionListener, org.springframework.boot.test.autoconfigure.web.servlet.MockMvcPrintOnlyOnFailureTestExecutionListener, org.springframework.boot.test.autoconfigure.web.servlet.WebDriverTestExecutionListener, org.springframework.test.context.web.ServletTestExecutionListener, org.springframework.test.context.support.DirtiesContextBeforeModesTestExecutionListener, org.springframework.test.context.support.DependencyInjectionTestExecutionListener, org.springframework.test.context.support.DirtiesContextTestExecutionListener, org.springframework.test.context.transaction.TransactionalTestExecutionListener, org.springframework.test.context.jdbc.SqlScriptsTestExecutionListener, org.springframework.test.context.event.EventPublishingTestExecutionListener]
14:35:38.425 [main] DEBUG org.springframework.boot.test.context.SpringBootTestContextBootstrapper - Skipping candidate TestExecutionListener [org.springframework.test.context.transaction.TransactionalTestExecutionListener] due to a missing dependency. Specify custom listener classes or make the default listener classes and their required dependencies available. Offending class: [org/springframework/transaction/TransactionDefinition]
14:35:38.426 [main] DEBUG org.springframework.boot.test.context.SpringBootTestContextBootstrapper - Skipping candidate TestExecutionListener [org.springframework.test.context.jdbc.SqlScriptsTestExecutionListener] due to a missing dependency. Specify custom listener classes or make the default listener classes and their required dependencies available. Offending class: [org/springframework/transaction/interceptor/TransactionAttribute]
14:35:38.427 [main] INFO org.springframework.boot.test.context.SpringBootTestContextBootstrapper - Using TestExecutionListeners: [org.springframework.test.context.web.ServletTestExecutionListener@47faa49c, org.springframework.test.context.support.DirtiesContextBeforeModesTestExecutionListener@28f2a10f, org.springframework.boot.test.mock.mockito.MockitoTestExecutionListener@f736069, org.springframework.boot.test.autoconfigure.SpringBootDependencyInjectionTestExecutionListener@6da21078, org.springframework.test.context.support.DirtiesContextTestExecutionListener@7fee8714, org.springframework.test.context.event.EventPublishingTestExecutionListener@4229bb3f, org.springframework.boot.test.mock.mockito.ResetMocksTestExecutionListener@56cdfb3b, org.springframework.boot.test.autoconfigure.restdocs.RestDocsTestExecutionListener@2b91004a, org.springframework.boot.test.autoconfigure.web.client.MockRestServiceServerResetTestExecutionListener@20ccf40b, org.springframework.boot.test.autoconfigure.web.servlet.MockMvcPrintOnlyOnFailureTestExecutionListener@2fb3536e, org.springframework.boot.test.autoconfigure.web.servlet.WebDriverTestExecutionListener@169e6180]
14:35:38.433 [main] DEBUG org.springframework.test.context.support.AbstractDirtiesContextTestExecutionListener - Before test class: context [DefaultTestContext@4738a206 testClass = DemoApplicationTests, testInstance = [null], testMethod = [null], testException = [null], mergedContextConfiguration = [WebMergedContextConfiguration@66d3eec0 testClass = DemoApplicationTests, locations = '{}', classes = '{class com.example.bddspring1588515833.DemoApplication}', contextInitializerClasses = '[]', activeProfiles = '{}', propertySourceLocations = '{}', propertySourceProperties = '{org.springframework.boot.test.context.SpringBootTestContextBootstrapper=true}', contextCustomizers = set[org.springframework.boot.test.context.filter.ExcludeFilterContextCustomizer@6193932a, org.springframework.boot.test.json.DuplicateJsonObjectContextCustomizerFactory$DuplicateJsonObjectContextCustomizer@78aab498, org.springframework.boot.test.mock.mockito.MockitoContextCustomizer@0, org.springframework.boot.test.web.client.TestRestTemplateContextCustomizer@20d28811, org.springframework.boot.test.autoconfigure.properties.PropertyMappingContextCustomizer@0, org.springframework.boot.test.autoconfigure.web.servlet.WebDriverContextCustomizerFactory$Customizer@6ef888f6], resourceBasePath = 'src/main/webapp', contextLoader = 'org.springframework.boot.test.context.SpringBootContextLoader', parent = [null]], attributes = map['org.springframework.test.context.web.ServletTestExecutionListener.activateListener' -> true]], class annotated with @DirtiesContext [false] with mode [null].
14:35:38.622 [main] DEBUG org.springframework.test.context.support.TestPropertySourceUtils - Adding inlined properties to environment: {spring.jmx.enabled=false, org.springframework.boot.test.context.SpringBootTestContextBootstrapper=true, server.port=-1}

  .   ____          _            __ _ _
 /\\ / ___'_ __ _ _(_)_ __  __ _ \ \ \ \
( ( )\___ | '_ | '_| | '_ \/ _` | \ \ \ \
 \\/  ___)| |_)| | | | | || (_| |  ) ) ) )
  '  |____| .__|_| |_|_| |_\__, | / / / /
 =========|_|==============|___/=/_/_/_/
 :: Spring Boot ::        (v2.2.6.RELEASE)

2020-05-03 14:35:39.509  INFO 63 --- [           main] c.e.b.DemoApplicationTests               : Starting DemoApplicationTests on cb-kubecd-bdd-spring-1588515833-hww6q-1-from-build-pack-m5lfp-p with PID 63 (started by root in /workspace/source)
2020-05-03 14:35:39.513  INFO 63 --- [           main] c.e.b.DemoApplicationTests               : No active profile set, falling back to default profiles: default
2020-05-03 14:35:48.617  INFO 63 --- [           main] o.s.s.concurrent.ThreadPoolTaskExecutor  : Initializing ExecutorService 'applicationTaskExecutor'
2020-05-03 14:35:51.351  INFO 63 --- [           main] o.s.b.a.e.web.EndpointLinksResolver      : Exposing 2 endpoint(s) beneath base path '/actuator'
2020-05-03 14:35:51.611  INFO 63 --- [           main] c.e.b.DemoApplicationTests               : Started DemoApplicationTests in 12.959 seconds (JVM running for 16.876)
[INFO] Tests run: 1, Failures: 0, Errors: 0, Skipped: 0, Time elapsed: 15.542 s - in com.example.bddspring1588515833.DemoApplicationTests
2020-05-03 14:35:52.848  INFO 63 --- [extShutdownHook] o.s.s.concurrent.ThreadPoolTaskExecutor  : Shutting down ExecutorService 'applicationTaskExecutor'
[INFO] 
[INFO] Results:
[INFO] 
[INFO] Tests run: 1, Failures: 0, Errors: 0, Skipped: 0
[INFO] 
[INFO] 
[INFO] --- maven-jar-plugin:3.1.2:jar (default-jar) @ bdd-spring-1588515833 ---
[INFO] Building jar: /workspace/source/target/bdd-spring-1588515833-0.0.0-SNAPSHOT-PR-1-1.jar
[INFO] 
[INFO] --- spring-boot-maven-plugin:2.2.6.RELEASE:repackage (repackage) @ bdd-spring-1588515833 ---
[INFO] Replacing main artifact with repackaged archive
[INFO] 
[INFO] --- maven-install-plugin:2.5.2:install (default-install) @ bdd-spring-1588515833 ---
[INFO] Installing /workspace/source/target/bdd-spring-1588515833-0.0.0-SNAPSHOT-PR-1-1.jar to /home/jenkins/.mvnrepository/com/example/bdd-spring-1588515833/0.0.0-SNAPSHOT-PR-1-1/bdd-spring-1588515833-0.0.0-SNAPSHOT-PR-1-1.jar
[INFO] Installing /workspace/source/pom.xml to /home/jenkins/.mvnrepository/com/example/bdd-spring-1588515833/0.0.0-SNAPSHOT-PR-1-1/bdd-spring-1588515833-0.0.0-SNAPSHOT-PR-1-1.pom
[INFO] ------------------------------------------------------------------------
[INFO] BUILD SUCCESS
[INFO] ------------------------------------------------------------------------
[INFO] Total time:  41.605 s
[INFO] Finished at: 2020-05-03T14:35:58Z
[INFO] ------------------------------------------------------------------------

Showing logs for build [32mcb-kubecd-bdd-spring-1588515833-hww6q-1[0m stage [32mfrom-build-pack[0m and container [32mstep-build-skaffold-version[0m
v1.0.1

Showing logs for build [32mcb-kubecd-bdd-spring-1588515833-hww6q-1[0m stage [32mfrom-build-pack[0m and container [32mstep-build-container-build[0m
[36mINFO[0m[0000] Resolved base name openjdk:8-jdk-slim to openjdk:8-jdk-slim 
[36mINFO[0m[0000] Using dockerignore file: /workspace/source/.dockerignore 
[36mINFO[0m[0000] Resolved base name openjdk:8-jdk-slim to openjdk:8-jdk-slim 
[36mINFO[0m[0000] Retrieving image manifest openjdk:8-jdk-slim 
ERROR: logging before flag.Parse: E0503 14:36:00.011697      10 metadata.go:142] while reading 'google-dockercfg' metadata: http status code: 404 while fetching url http://metadata.google.internal./computeMetadata/v1/instance/attributes/google-dockercfg
ERROR: logging before flag.Parse: E0503 14:36:00.015688      10 metadata.go:159] while reading 'google-dockercfg-url' metadata: http status code: 404 while fetching url http://metadata.google.internal./computeMetadata/v1/instance/attributes/google-dockercfg-url
[36mINFO[0m[0001] Retrieving image manifest openjdk:8-jdk-slim 
[36mINFO[0m[0002] Built cross stage deps: map[]                
[36mINFO[0m[0002] Retrieving image manifest openjdk:8-jdk-slim 
[36mINFO[0m[0003] Retrieving image manifest openjdk:8-jdk-slim 
[36mINFO[0m[0004] cmd: EXPOSE                                  
[36mINFO[0m[0004] Adding exposed port: 8080/tcp                
[36mINFO[0m[0004] Resolving srcs [pom.xml target/lib*]...      
end of resolve sources
[36mINFO[0m[0004] Checking for cached layer gcr.io/jenkins-x-bdd3/cache:96a1a9bdf5ae8b033e6442113a28fd0f8af1d09b986ce98c01decbe665d06529... 
end of resolve sources
[36mINFO[0m[0004] No cached layer found for cmd COPY pom.xml target/lib* /opt/lib/ 
[36mINFO[0m[0004] Resolving srcs [target/*.jar]...             
[36mINFO[0m[0004] Unpacking rootfs as cmd COPY pom.xml target/lib* /opt/lib/ requires it. 
[36mINFO[0m[0011] Taking snapshot of full filesystem...        
[36mINFO[0m[0014] Resolving paths                              
[36mINFO[0m[0014] ENV PORT 8080                                
[36mINFO[0m[0014] No files changed in this command, skipping snapshotting. 
[36mINFO[0m[0014] ENV CLASSPATH /opt/lib                       
[36mINFO[0m[0014] No files changed in this command, skipping snapshotting. 
[36mINFO[0m[0014] EXPOSE 8080                                  
[36mINFO[0m[0014] cmd: EXPOSE                                  
[36mINFO[0m[0014] Adding exposed port: 8080/tcp                
[36mINFO[0m[0014] No files changed in this command, skipping snapshotting. 
[36mINFO[0m[0014] Resolving srcs [pom.xml target/lib*]...      
end of resolve sources
[36mINFO[0m[0014] COPY pom.xml target/lib* /opt/lib/           
[36mINFO[0m[0014] Resolving srcs [pom.xml target/lib*]...      
end of resolve sources
[36mINFO[0m[0014] Resolving paths                              
[36mINFO[0m[0014] Taking snapshot of files...                  
[36mINFO[0m[0014] Pushing layer gcr.io/jenkins-x-bdd3/cache:96a1a9bdf5ae8b033e6442113a28fd0f8af1d09b986ce98c01decbe665d06529 to cache now 
[36mINFO[0m[0014] Resolving srcs [target/*.jar]...             
end of resolve sources
[36mINFO[0m[0015] COPY target/*.jar /opt/app.jar               
[36mINFO[0m[0015] Resolving srcs [target/*.jar]...             
end of resolve sources
[36mINFO[0m[0015] Resolving paths                              
[36mINFO[0m[0015] Taking snapshot of files...                  
[36mINFO[0m[0016] Pushing layer gcr.io/jenkins-x-bdd3/cache:be3ca5b24be4b46826730478fa353ed1502f5ae2d7ff19f13c8d54783f39b7ac to cache now 
[36mINFO[0m[0016] WORKDIR /opt                                 
[36mINFO[0m[0016] cmd: workdir                                 
[36mINFO[0m[0016] Changed working directory to /opt            
[36mINFO[0m[0016] No files changed in this command, skipping snapshotting. 
[36mINFO[0m[0016] CMD ["java", "-XX:+UnlockExperimentalVMOptions", "-XX:+UseCGroupMemoryLimitForHeap", "-jar", "app.jar"] 
[36mINFO[0m[0016] No files changed in this command, skipping snapshotting. 

Showing logs for build [32mcb-kubecd-bdd-spring-1588515833-hww6q-1[0m stage [32mfrom-build-pack[0m and container [32mstep-postbuild-post-build[0m
no CVE provider running in the current ** namespace so skip adding image to be analysed

Showing logs for build [32mcb-kubecd-bdd-spring-1588515833-hww6q-1[0m stage [32mfrom-build-pack[0m and container [32mstep-promote-make-preview[0m
sed -i -e "s/version:.*/version: 0.0.0-SNAPSHOT-PR-1-1/" Chart.yaml
sed -i -e "s/version:.*/version: 0.0.0-SNAPSHOT-PR-1-1/" ../*/Chart.yaml
sed -i -e "s|repository:.*|repository: gcr.io\/jenkins-x-bdd3\/bdd-spring-1588515833|" values.yaml
sed -i -e "s/tag:.*/tag: 0.0.0-SNAPSHOT-PR-1-1/" values.yaml
echo "  version: 0.0.0-SNAPSHOT-PR-1-1" >> requirements.yaml
** step helm build
WARNING: No $CHART_REPOSITORY defined so using the default value of: http://jenkins-x-chartmuseum:8080
Adding missing Helm repo: storage.googleapis.com https://storage.googleapis.com/chartmuseum.jenkins-x.io
WARNING: No secrets found on "helm/repos" due: reading the secret "helm/repos" from vault: no secret "helm/repos" not found in vault
Read credentials for https://storage.googleapis.com/chartmuseum.jenkins-x.io from vault helm/repos
Successfully added Helm repository storage.googleapis.com.
Adding missing Helm repo: jenkins-x-chartmuseum http://jenkins-x-chartmuseum:8080
WARNING: No secrets found on "helm/repos" due: reading the secret "helm/repos" from vault: no secret "helm/repos" not found in vault
Read credentials for http://jenkins-x-chartmuseum:8080 from vault helm/repos
Successfully added Helm repository jenkins-x-chartmuseum.
WARNING: No $CHART_REPOSITORY defined so using the default value of: http://jenkins-x-chartmuseum:8080
Adding missing Helm repo: chartmuseum.jenkins-x.io http://chartmuseum.jenkins-x.io
WARNING: No secrets found on "helm/repos" due: reading the secret "helm/repos" from vault: no secret "helm/repos" not found in vault
Read credentials for http://chartmuseum.jenkins-x.io from vault helm/repos
Successfully added Helm repository chartmuseum.jenkins-x.io.

Showing logs for build [32mcb-kubecd-bdd-spring-1588515833-hww6q-1[0m stage [32mfrom-build-pack[0m and container [32mstep-promote-jx-preview[0m
Creating a preview
Created environment cb-kubecd-bdd-spring-1588515833-pr-1
Namespace **-cb-kubecd-bdd-spring-1588515833-pr-1 created 
expose:
  Annotations:
    helm.sh/hook: post-install,post-upgrade
    helm.sh/hook-delete-policy: hook-succeeded
  config:
    domain: 35.187.85.58.nip.io
    exposer: Ingress
    http: "true"
preview:
  image:
    repository: gcr.io/jenkins-x-bdd3/bdd-spring-1588515833
    tag: 0.0.0-SNAPSHOT-PR-1-1

Updating PipelineActivities cb-kubecd-bdd-spring-1588515833-pr-1-1 which has status Running
WARNING: preview application http://bdd-spring-1588515833.**-cb-kubecd-bdd-spring-1588515833-pr-1.35.187.85.58.nip.io not available, error was 503 503 Service Temporarily Unavailable, delaying for: 958.442479ms
WARNING: preview application http://bdd-spring-1588515833.**-cb-kubecd-bdd-spring-1588515833-pr-1.35.187.85.58.nip.io not available, error was 503 503 Service Temporarily Unavailable, delaying for: 2.018749181s
WARNING: preview application http://bdd-spring-1588515833.**-cb-kubecd-bdd-spring-1588515833-pr-1.35.187.85.58.nip.io not available, error was 503 503 Service Temporarily Unavailable, delaying for: 1.681799867s
WARNING: preview application http://bdd-spring-1588515833.**-cb-kubecd-bdd-spring-1588515833-pr-1.35.187.85.58.nip.io not available, error was 503 503 Service Temporarily Unavailable, delaying for: 4.43608161s
WARNING: preview application http://bdd-spring-1588515833.**-cb-kubecd-bdd-spring-1588515833-pr-1.35.187.85.58.nip.io not available, error was 503 503 Service Temporarily Unavailable, delaying for: 5.261001161s
WARNING: preview application http://bdd-spring-1588515833.**-cb-kubecd-bdd-spring-1588515833-pr-1.35.187.85.58.nip.io not available, error was 503 503 Service Temporarily Unavailable, delaying for: 6.029485438s
WARNING: preview application http://bdd-spring-1588515833.**-cb-kubecd-bdd-spring-1588515833-pr-1.35.187.85.58.nip.io not available, error was 503 503 Service Temporarily Unavailable, delaying for: 9.747724007s
Preview application is now available at: http://bdd-spring-1588515833.**-cb-kubecd-bdd-spring-1588515833-pr-1.35.187.85.58.nip.io
